<?xml version="1.0" encoding="UTF-8"?>
<Site BuildName="(empty)"
	BuildStamp="20231016-1228-Experimental"
	Name="(empty)"
	Generator="ctest-3.22.1"
	CompilerName=""
	CompilerVersion=""
	OSName="Linux"
	Hostname="qartestPK"
	OSRelease="6.2.0-34-generic"
	OSVersion="#34~22.04.1-Ubuntu SMP PREEMPT_DYNAMIC Thu Sep  7 13:12:03 UTC 2"
	OSPlatform="x86_64"
	Is64Bits="1"
	VendorString="GenuineIntel"
	VendorID="Intel Corporation"
	FamilyID="6"
	ModelID="165"
	ProcessorCacheSize="6144"
	NumberOfLogicalCPU="8"
	NumberOfPhysicalCPU="4"
	TotalVirtualMemory="0"
	TotalPhysicalMemory="15873"
	LogicalProcessorsPerPhysical="2"
	ProcessorClockFrequency="4104.08"
	>
	<Testing>
		<StartDateTime>Oct 16 23:06 +07</StartDateTime>
		<StartTestTime>1697472409</StartTestTime>
		<TestList>
			<Test>./TestCircularBuffer</Test>
		</TestList>
		<Test Status="passed">
			<Name>TestCircularBuffer</Name>
			<Path>.</Path>
			<FullName>./TestCircularBuffer</FullName>
			<FullCommandLine>/home/qartest/work/projects/Lab1/build/Tests</FullCommandLine>
			<Results>
				<NamedMeasurement type="numeric/double" name="Execution Time">
					<Value>0.00389082</Value>
				</NamedMeasurement>
				<NamedMeasurement type="numeric/double" name="Processors">
					<Value>1</Value>
				</NamedMeasurement>
				<NamedMeasurement type="text/string" name="Completion Status">
					<Value>Completed</Value>
				</NamedMeasurement>
				<NamedMeasurement type="text/string" name="Command Line">
					<Value>/home/qartest/work/projects/Lab1/build/Tests</Value>
				</NamedMeasurement>
				<NamedMeasurement type="text/string" name="Environment">
					<Value>#CTEST_RESOURCE_GROUP_COUNT=</Value>
				</NamedMeasurement>
				<Measurement>
					<Value encoding="base64" compression="gzip">eJydkzFrwzAQhXf9ihubwSJ2nKRLlnboEEghpJMxxbHPtUCWjHRK2n9f2QbTlkIi33Ti3nvfgbhsN1UOR6eUUB/wCISWLNRGtxAPD7BOEHKWRVPl8CL1uZDjHNVFGK1aVF6LFLnuj/hX6Mm3z8KUThbmydU1GpbB8e0AQ+X/zLkVbSfxvQ+JvXis1/1tMTwsobWLEEASAkhmAFYhgNW9AKOpILwZPcpmbJ2GbJ3OAKxDAOsZgE0IYDMDsA0BbCdAwKGMHiD/iXLB7jtIwsJElb4qlv28d0/inLNTg2B6i66BfD/YtaPOEVwL62etvmAFVqgSQfjozxKxsqO48dZGy6p3x8skhfOXD+DsG26QZjs=</Value>
				</Measurement>
			</Results>
		</Test>
		<EndDateTime>Oct 16 23:06 +07</EndDateTime>
		<EndTestTime>1697472409</EndTestTime>
		<ElapsedMinutes>0</ElapsedMinutes>
	</Testing>
</Site>
